Added Component: Designator=0(ESP32)
Added Component: Designator=1(Beam_TX)
Added Component: Designator=2(OLED)
Added Component: Designator=3(OLED)
Added Component: Designator=4(Beam_RX)
Added Component: Designator=5(Beam_RX)
Added Component: Designator=6(Beam_TX)
Added Component: Designator=7(Beam_TX)
Added Component: Designator=8(Left Breakout)
Added Component: Designator=9(Breakout_Right)
Added Component: Designator=R1(RESC0402(1005)_L)
Add component (AddParameter): Name = "Case/Package"; Value = "0402"; VariantName = "[No Variations]"
Add component (AddParameter): Name = "Max Operating Temperature"; Value = ""; VariantName = "[No Variations]"
Add component (AddParameter): Name = "Min Operating Temperature"; Value = ""; VariantName = "[No Variations]"
Add component (AddParameter): Name = "Mounting Technology"; Value = "SMT"; VariantName = "[No Variations]"
Add component (AddParameter): Name = "Pins"; Value = "2"; VariantName = "[No Variations]"
Add component (AddParameter): Name = "Power"; Value = "63mW"; VariantName = "[No Variations]"
Add component (AddParameter): Name = "RoHS Compliant"; Value = ""; VariantName = "[No Variations]"
Add component (AddParameter): Name = "Tolerance"; Value = "1%"; VariantName = "[No Variations]"
Add component (AddParameter): Name = "Value"; Value = "3k"; VariantName = "[No Variations]"
Add component (AddParameter): Name = "Voltage Rating"; Value = ""; VariantName = "[No Variations]"
Added Component: Designator=R2(RESC0402(1005)_L)
Add component (AddParameter): Name = "Case/Package"; Value = "0402"; VariantName = "[No Variations]"
Add component (AddParameter): Name = "Max Operating Temperature"; Value = ""; VariantName = "[No Variations]"
Add component (AddParameter): Name = "Min Operating Temperature"; Value = ""; VariantName = "[No Variations]"
Add component (AddParameter): Name = "Mounting Technology"; Value = "SMT"; VariantName = "[No Variations]"
Add component (AddParameter): Name = "Pins"; Value = "2"; VariantName = "[No Variations]"
Add component (AddParameter): Name = "Power"; Value = "63mW"; VariantName = "[No Variations]"
Add component (AddParameter): Name = "RoHS Compliant"; Value = ""; VariantName = "[No Variations]"
Add component (AddParameter): Name = "Tolerance"; Value = "1%"; VariantName = "[No Variations]"
Add component (AddParameter): Name = "Value"; Value = "4.7k"; VariantName = "[No Variations]"
Add component (AddParameter): Name = "Voltage Rating"; Value = ""; VariantName = "[No Variations]"
Added Component: Designator=R3(RESC0402(1005)_L)
Add component (AddParameter): Name = "Case/Package"; Value = "0402"; VariantName = "[No Variations]"
Add component (AddParameter): Name = "Max Operating Temperature"; Value = ""; VariantName = "[No Variations]"
Add component (AddParameter): Name = "Min Operating Temperature"; Value = ""; VariantName = "[No Variations]"
Add component (AddParameter): Name = "Mounting Technology"; Value = "SMT"; VariantName = "[No Variations]"
Add component (AddParameter): Name = "Pins"; Value = "2"; VariantName = "[No Variations]"
Add component (AddParameter): Name = "Power"; Value = "63mW"; VariantName = "[No Variations]"
Add component (AddParameter): Name = "RoHS Compliant"; Value = ""; VariantName = "[No Variations]"
Add component (AddParameter): Name = "Tolerance"; Value = "1%"; VariantName = "[No Variations]"
Add component (AddParameter): Name = "Value"; Value = "3k"; VariantName = "[No Variations]"
Add component (AddParameter): Name = "Voltage Rating"; Value = ""; VariantName = "[No Variations]"
Added Component: Designator=R4(RESC0402(1005)_L)
Add component (AddParameter): Name = "Case/Package"; Value = "0402"; VariantName = "[No Variations]"
Add component (AddParameter): Name = "Max Operating Temperature"; Value = ""; VariantName = "[No Variations]"
Add component (AddParameter): Name = "Min Operating Temperature"; Value = ""; VariantName = "[No Variations]"
Add component (AddParameter): Name = "Mounting Technology"; Value = "SMT"; VariantName = "[No Variations]"
Add component (AddParameter): Name = "Pins"; Value = "2"; VariantName = "[No Variations]"
Add component (AddParameter): Name = "Power"; Value = "63mW"; VariantName = "[No Variations]"
Add component (AddParameter): Name = "RoHS Compliant"; Value = ""; VariantName = "[No Variations]"
Add component (AddParameter): Name = "Tolerance"; Value = "1%"; VariantName = "[No Variations]"
Add component (AddParameter): Name = "Value"; Value = "4.7k"; VariantName = "[No Variations]"
Add component (AddParameter): Name = "Voltage Rating"; Value = ""; VariantName = "[No Variations]"
Added Pin To Net: NetName=GND Pin=2-3
Added Pin To Net: NetName=GND Pin=3-1
Added Pin To Net: NetName=GND Pin=4-2
Added Pin To Net: NetName=GND Pin=5-2
Added Pin To Net: NetName=GND Pin=R2-1
Added Pin To Net: NetName=GND Pin=R4-2
Added Net: Name=GND
Added Pin To Net: NetName=Net0_1 Pin=0-1
Added Pin To Net: NetName=Net0_1 Pin=2-0
Added Pin To Net: NetName=Net0_1 Pin=3-0
Added Net: Name=Net0_1
Added Pin To Net: NetName=Net0_3 Pin=0-3
Added Pin To Net: NetName=Net0_3 Pin=8-3
Added Net: Name=Net0_3
Added Pin To Net: NetName=Net0_4 Pin=0-4
Added Pin To Net: NetName=Net0_4 Pin=8-4
Added Net: Name=Net0_4
Added Pin To Net: NetName=Net0_5 Pin=0-5
Added Pin To Net: NetName=Net0_5 Pin=8-5
Added Net: Name=Net0_5
Added Pin To Net: NetName=Net0_6 Pin=0-6
Added Pin To Net: NetName=Net0_6 Pin=8-6
Added Net: Name=Net0_6
Added Pin To Net: NetName=Net0_7 Pin=0-7
Added Pin To Net: NetName=Net0_7 Pin=8-7
Added Net: Name=Net0_7
Added Pin To Net: NetName=Net0_8 Pin=0-8
Added Pin To Net: NetName=Net0_8 Pin=8-8
Added Net: Name=Net0_8
Added Pin To Net: NetName=Net0_9 Pin=0-9
Added Pin To Net: NetName=Net0_9 Pin=8-9
Added Net: Name=Net0_9
Added Pin To Net: NetName=Net0_10 Pin=0-10
Added Pin To Net: NetName=Net0_10 Pin=8-10
Added Net: Name=Net0_10
Added Pin To Net: NetName=Net0_11 Pin=0-11
Added Pin To Net: NetName=Net0_11 Pin=8-11
Added Net: Name=Net0_11
Added Pin To Net: NetName=Net0_12 Pin=0-12
Added Pin To Net: NetName=Net0_12 Pin=8-12
Added Net: Name=Net0_12
Added Pin To Net: NetName=Net0_13 Pin=0-13
Added Pin To Net: NetName=Net0_13 Pin=8-13
Added Net: Name=Net0_13
Added Pin To Net: NetName=Net0_14 Pin=0-14
Added Pin To Net: NetName=Net0_14 Pin=8-14
Added Net: Name=Net0_14
Added Pin To Net: NetName=Net0_15 Pin=0-15
Added Pin To Net: NetName=Net0_15 Pin=8-15
Added Net: Name=Net0_15
Added Pin To Net: NetName=Net0_19 Pin=0-19
Added Pin To Net: NetName=Net0_19 Pin=4-0
Added Pin To Net: NetName=Net0_19 Pin=5-0
Added Net: Name=Net0_19
Added Pin To Net: NetName=Net0_23 Pin=0-23
Added Pin To Net: NetName=Net0_23 Pin=R1-2
Added Pin To Net: NetName=Net0_23 Pin=R2-2
Added Net: Name=Net0_23
Added Pin To Net: NetName=Net0_24 Pin=0-24
Added Pin To Net: NetName=Net0_24 Pin=R3-2
Added Pin To Net: NetName=Net0_24 Pin=R4-1
Added Net: Name=Net0_24
Added Pin To Net: NetName=Net0_25 Pin=0-25
Added Pin To Net: NetName=Net0_25 Pin=9-25
Added Net: Name=Net0_25
Added Pin To Net: NetName=Net0_26 Pin=0-26
Added Pin To Net: NetName=Net0_26 Pin=9-26
Added Net: Name=Net0_26
Added Pin To Net: NetName=Net0_27 Pin=0-27
Added Pin To Net: NetName=Net0_27 Pin=9-27
Added Net: Name=Net0_27
Added Pin To Net: NetName=Net0_28 Pin=0-28
Added Pin To Net: NetName=Net0_28 Pin=9-28
Added Net: Name=Net0_28
Added Pin To Net: NetName=Net0_29 Pin=0-29
Added Pin To Net: NetName=Net0_29 Pin=9-29
Added Net: Name=Net0_29
Added Pin To Net: NetName=Net0_30 Pin=0-30
Added Pin To Net: NetName=Net0_30 Pin=9-30
Added Net: Name=Net0_30
Added Pin To Net: NetName=Net0_31 Pin=0-31
Added Pin To Net: NetName=Net0_31 Pin=9-31
Added Net: Name=Net0_31
Added Pin To Net: NetName=Net0_33 Pin=0-33
Added Pin To Net: NetName=Net0_33 Pin=2-2
Added Pin To Net: NetName=Net0_33 Pin=3-3
Added Net: Name=Net0_33
Added Pin To Net: NetName=Net0_36 Pin=0-36
Added Pin To Net: NetName=Net0_36 Pin=2-1
Added Pin To Net: NetName=Net0_36 Pin=3-2
Added Net: Name=Net0_36
Added Pin To Net: NetName=Net4_1 Pin=4-1
Added Pin To Net: NetName=Net4_1 Pin=R3-1
Added Net: Name=Net4_1
Added Pin To Net: NetName=Net5_1 Pin=5-1
Added Pin To Net: NetName=Net5_1 Pin=R1-1
Added Net: Name=Net5_1
Added Class: Name=300_PCB1
Added Rule: Name=Schematic Supply Nets
