Added Component: Designator=1(OLED)
Added Component: Designator=2(OLED)
Added Component: Designator=3(Beam_TX)
Added Component: Designator=4(Beam_TX)
Added Component: Designator=5(ESP32)
Added Component: Designator=6(Left Breakout)
Added Component: Designator=7(Breakout_Right)
Added Component: Designator=8(Beam_TX)
Added Component: Designator=9(Beam_RX)
Added Component: Designator=10(Beam_RX)
Added Component: Designator=R1(RESC0402(1005)_L)
Add component (AddParameter): Name = "Case/Package"; Value = "0402"; VariantName = "[No Variations]"
Add component (AddParameter): Name = "Max Operating Temperature"; Value = ""; VariantName = "[No Variations]"
Add component (AddParameter): Name = "Min Operating Temperature"; Value = ""; VariantName = "[No Variations]"
Add component (AddParameter): Name = "Mounting Technology"; Value = "SMT"; VariantName = "[No Variations]"
Add component (AddParameter): Name = "Pins"; Value = "2"; VariantName = "[No Variations]"
Add component (AddParameter): Name = "Power"; Value = "63mW"; VariantName = "[No Variations]"
Add component (AddParameter): Name = "RoHS Compliant"; Value = ""; VariantName = "[No Variations]"
Add component (AddParameter): Name = "Tolerance"; Value = "1%"; VariantName = "[No Variations]"
Add component (AddParameter): Name = "Value"; Value = "4.7k"; VariantName = "[No Variations]"
Add component (AddParameter): Name = "Voltage Rating"; Value = ""; VariantName = "[No Variations]"
Added Component: Designator=R2(RESC0402(1005)_L)
Add component (AddParameter): Name = "Case/Package"; Value = "0402"; VariantName = "[No Variations]"
Add component (AddParameter): Name = "Max Operating Temperature"; Value = ""; VariantName = "[No Variations]"
Add component (AddParameter): Name = "Min Operating Temperature"; Value = ""; VariantName = "[No Variations]"
Add component (AddParameter): Name = "Mounting Technology"; Value = "SMT"; VariantName = "[No Variations]"
Add component (AddParameter): Name = "Pins"; Value = "2"; VariantName = "[No Variations]"
Add component (AddParameter): Name = "Power"; Value = "63mW"; VariantName = "[No Variations]"
Add component (AddParameter): Name = "RoHS Compliant"; Value = ""; VariantName = "[No Variations]"
Add component (AddParameter): Name = "Tolerance"; Value = "1%"; VariantName = "[No Variations]"
Add component (AddParameter): Name = "Value"; Value = "4.7k"; VariantName = "[No Variations]"
Add component (AddParameter): Name = "Voltage Rating"; Value = ""; VariantName = "[No Variations]"
Added Component: Designator=R3(RESC0402(1005)_L)
Add component (AddParameter): Name = "Case/Package"; Value = "0402"; VariantName = "[No Variations]"
Add component (AddParameter): Name = "Max Operating Temperature"; Value = ""; VariantName = "[No Variations]"
Add component (AddParameter): Name = "Min Operating Temperature"; Value = ""; VariantName = "[No Variations]"
Add component (AddParameter): Name = "Mounting Technology"; Value = "SMT"; VariantName = "[No Variations]"
Add component (AddParameter): Name = "Pins"; Value = "2"; VariantName = "[No Variations]"
Add component (AddParameter): Name = "Power"; Value = "63mW"; VariantName = "[No Variations]"
Add component (AddParameter): Name = "RoHS Compliant"; Value = ""; VariantName = "[No Variations]"
Add component (AddParameter): Name = "Tolerance"; Value = "1%"; VariantName = "[No Variations]"
Add component (AddParameter): Name = "Value"; Value = "3k"; VariantName = "[No Variations]"
Add component (AddParameter): Name = "Voltage Rating"; Value = ""; VariantName = "[No Variations]"
Added Component: Designator=R4(RESC0402(1005)_L)
Add component (AddParameter): Name = "Case/Package"; Value = "0402"; VariantName = "[No Variations]"
Add component (AddParameter): Name = "Max Operating Temperature"; Value = ""; VariantName = "[No Variations]"
Add component (AddParameter): Name = "Min Operating Temperature"; Value = ""; VariantName = "[No Variations]"
Add component (AddParameter): Name = "Mounting Technology"; Value = "SMT"; VariantName = "[No Variations]"
Add component (AddParameter): Name = "Pins"; Value = "2"; VariantName = "[No Variations]"
Add component (AddParameter): Name = "Power"; Value = "63mW"; VariantName = "[No Variations]"
Add component (AddParameter): Name = "RoHS Compliant"; Value = ""; VariantName = "[No Variations]"
Add component (AddParameter): Name = "Tolerance"; Value = "1%"; VariantName = "[No Variations]"
Add component (AddParameter): Name = "Value"; Value = "3k"; VariantName = "[No Variations]"
Add component (AddParameter): Name = "Voltage Rating"; Value = ""; VariantName = "[No Variations]"
Added Pin To Net: NetName=GND Pin=1-1
Added Pin To Net: NetName=GND Pin=2-3
Added Pin To Net: NetName=GND Pin=3-1
Added Pin To Net: NetName=GND Pin=4-1
Added Pin To Net: NetName=GND Pin=8-0
Added Pin To Net: NetName=GND Pin=9-2
Added Pin To Net: NetName=GND Pin=10-2
Added Pin To Net: NetName=GND Pin=R1-1
Added Pin To Net: NetName=GND Pin=R2-2
Added Net: Name=GND
Added Pin To Net: NetName=Net1_0 Pin=1-0
Added Pin To Net: NetName=Net1_0 Pin=2-0
Added Pin To Net: NetName=Net1_0 Pin=5-1
Added Net: Name=Net1_0
Added Pin To Net: NetName=Net1_2 Pin=1-2
Added Pin To Net: NetName=Net1_2 Pin=2-1
Added Pin To Net: NetName=Net1_2 Pin=5-36
Added Net: Name=Net1_2
Added Pin To Net: NetName=Net1_3 Pin=1-3
Added Pin To Net: NetName=Net1_3 Pin=2-2
Added Pin To Net: NetName=Net1_3 Pin=5-33
Added Net: Name=Net1_3
Added Pin To Net: NetName=Net3_0 Pin=3-0
Added Pin To Net: NetName=Net3_0 Pin=4-0
Added Pin To Net: NetName=Net3_0 Pin=5-19
Added Pin To Net: NetName=Net3_0 Pin=8-1
Added Pin To Net: NetName=Net3_0 Pin=9-0
Added Pin To Net: NetName=Net3_0 Pin=10-0
Added Net: Name=Net3_0
Added Pin To Net: NetName=Net5_3 Pin=5-3
Added Pin To Net: NetName=Net5_3 Pin=6-3
Added Net: Name=Net5_3
Added Pin To Net: NetName=Net5_4 Pin=5-4
Added Pin To Net: NetName=Net5_4 Pin=6-4
Added Net: Name=Net5_4
Added Pin To Net: NetName=Net5_5 Pin=5-5
Added Pin To Net: NetName=Net5_5 Pin=6-5
Added Net: Name=Net5_5
Added Pin To Net: NetName=Net5_6 Pin=5-6
Added Pin To Net: NetName=Net5_6 Pin=6-6
Added Net: Name=Net5_6
Added Pin To Net: NetName=Net5_7 Pin=5-7
Added Pin To Net: NetName=Net5_7 Pin=6-7
Added Net: Name=Net5_7
Added Pin To Net: NetName=Net5_8 Pin=5-8
Added Pin To Net: NetName=Net5_8 Pin=6-8
Added Net: Name=Net5_8
Added Pin To Net: NetName=Net5_9 Pin=5-9
Added Pin To Net: NetName=Net5_9 Pin=6-9
Added Net: Name=Net5_9
Added Pin To Net: NetName=Net5_10 Pin=5-10
Added Pin To Net: NetName=Net5_10 Pin=6-10
Added Net: Name=Net5_10
Added Pin To Net: NetName=Net5_11 Pin=5-11
Added Pin To Net: NetName=Net5_11 Pin=6-11
Added Net: Name=Net5_11
Added Pin To Net: NetName=Net5_12 Pin=5-12
Added Pin To Net: NetName=Net5_12 Pin=6-12
Added Net: Name=Net5_12
Added Pin To Net: NetName=Net5_13 Pin=5-13
Added Pin To Net: NetName=Net5_13 Pin=6-13
Added Net: Name=Net5_13
Added Pin To Net: NetName=Net5_14 Pin=5-14
Added Pin To Net: NetName=Net5_14 Pin=6-14
Added Net: Name=Net5_14
Added Pin To Net: NetName=Net5_15 Pin=5-15
Added Pin To Net: NetName=Net5_15 Pin=6-15
Added Net: Name=Net5_15
Added Pin To Net: NetName=Net5_23 Pin=5-23
Added Pin To Net: NetName=Net5_23 Pin=R1-2
Added Pin To Net: NetName=Net5_23 Pin=R3-2
Added Net: Name=Net5_23
Added Pin To Net: NetName=Net5_24 Pin=5-24
Added Pin To Net: NetName=Net5_24 Pin=R2-1
Added Pin To Net: NetName=Net5_24 Pin=R4-2
Added Net: Name=Net5_24
Added Pin To Net: NetName=Net5_25 Pin=5-25
Added Pin To Net: NetName=Net5_25 Pin=7-25
Added Net: Name=Net5_25
Added Pin To Net: NetName=Net5_26 Pin=5-26
Added Pin To Net: NetName=Net5_26 Pin=7-26
Added Net: Name=Net5_26
Added Pin To Net: NetName=Net5_27 Pin=5-27
Added Pin To Net: NetName=Net5_27 Pin=7-27
Added Net: Name=Net5_27
Added Pin To Net: NetName=Net5_28 Pin=5-28
Added Pin To Net: NetName=Net5_28 Pin=7-28
Added Net: Name=Net5_28
Added Pin To Net: NetName=Net5_29 Pin=5-29
Added Pin To Net: NetName=Net5_29 Pin=7-29
Added Net: Name=Net5_29
Added Pin To Net: NetName=Net5_30 Pin=5-30
Added Pin To Net: NetName=Net5_30 Pin=7-30
Added Net: Name=Net5_30
Added Pin To Net: NetName=Net5_31 Pin=5-31
Added Pin To Net: NetName=Net5_31 Pin=7-31
Added Net: Name=Net5_31
Added Pin To Net: NetName=Net9_1 Pin=9-1
Added Pin To Net: NetName=Net9_1 Pin=R4-1
Added Net: Name=Net9_1
Added Pin To Net: NetName=Net10_1 Pin=10-1
Added Pin To Net: NetName=Net10_1 Pin=R3-1
Added Net: Name=Net10_1
Added Class: Name=300_PCB1
Added Rule: Name=Schematic Supply Nets
